{"level":"debug","message":"Marketplace service started","module":"marketplace","timestamp":"2026-06-01T14:02:55.843Z"}
{"level":"debug","message":"Call service started","module":"calls","timestamp":"2026-06-01T14:02:55.845Z"}
{"level":"debug","message":"Player Service started","module":"player","timestamp":"2026-06-01T14:02:55.845Z"}
{"level":"info","message":"Loading NPWD Standalone","timestamp":"2026-06-01T14:02:55.845Z"}
{"level":"debug","message":"Boot service started","module":"boot","timestamp":"2026-06-01T14:02:55.846Z"}
{"level":"debug","message":"Messages service started","module":"messages","timestamp":"2026-06-01T14:02:55.846Z"}
{"level":"debug","message":"Notes service started","module":"notes","timestamp":"2026-06-01T14:02:55.846Z"}
{"level":"debug","message":"Contacts service started","module":"contact","timestamp":"2026-06-01T14:02:55.846Z"}
{"level":"debug","message":"Photo service started","module":"photo","timestamp":"2026-06-01T14:02:55.854Z"}
{"level":"debug","message":"Twitter service started","module":"twitter","timestamp":"2026-06-01T14:02:55.854Z"}
{"level":"debug","message":"Match service started","module":"match","timestamp":"2026-06-01T14:02:55.855Z"}
{"level":"debug","message":"Beginning database schema validation","module":"boot","timestamp":"2026-06-01T14:02:55.895Z"}
{"level":"info","message":"Successfully started","timestamp":"2026-06-01T14:02:55.909Z"}
{"level":"info","message":"Executed query (SELECT COUNT(*) as count\n                       FROM information_schema.tables\n                       WHERE table_schema = ?\n                         AND table_name = ? [\"goldencity\",\"users\"]) in 56.7324ms'","module":"DBInterface","timestamp":"2026-06-01T14:02:55.954Z"}
{"level":"debug","message":"Find user for number generation data >","module":"player","timestamp":"2026-06-01T14:02:55.955Z"}
{"level":"info","message":"Executed query (SELECT phone_number FROM users WHERE identifier = ? LIMIT 1 [\"8d580e801963852f52c994e1670bf72282712462\"]) in 43.6688ms'","module":"DBInterface","timestamp":"2026-06-01T14:02:55.955Z"}
{"level":"debug","message":[{"phone_number":"558-2364"}],"module":"player","timestamp":"2026-06-01T14:02:55.955Z"}
{"level":"info","message":"New NPWD Player added through event (1) (8d580e801963852f52c994e1670bf72282712462)","module":"player","timestamp":"2026-06-01T14:02:55.956Z"}
{"level":"debug","message":{"_firstname":"Ziee","_identifier":"8d580e801963852f52c994e1670bf72282712462","_lastname":"Oliveroz","_phoneNumber":"558-2364","source":1,"username":"City Master"},"module":"player","timestamp":"2026-06-01T14:02:55.956Z"}
{"level":"info","message":"Executed query (SHOW COLUMNS IN users []) in 45.4441ms'","module":"DBInterface","timestamp":"2026-06-01T14:02:55.999Z"}
{"level":"debug","message":"Database schema successfully validated","module":"boot","timestamp":"2026-06-01T14:02:56.000Z"}
{"level":"debug","message":"Marketplace service started","module":"marketplace","timestamp":"2026-06-01T14:02:58.059Z"}
{"level":"debug","message":"Call service started","module":"calls","timestamp":"2026-06-01T14:02:58.061Z"}
{"level":"debug","message":"Player Service started","module":"player","timestamp":"2026-06-01T14:02:58.061Z"}
{"level":"info","message":"Loading NPWD Standalone","timestamp":"2026-06-01T14:02:58.062Z"}
{"level":"debug","message":"Boot service started","module":"boot","timestamp":"2026-06-01T14:02:58.062Z"}
{"level":"debug","message":"Messages service started","module":"messages","timestamp":"2026-06-01T14:02:58.063Z"}
{"level":"debug","message":"Notes service started","module":"notes","timestamp":"2026-06-01T14:02:58.063Z"}
{"level":"debug","message":"Contacts service started","module":"contact","timestamp":"2026-06-01T14:02:58.063Z"}
{"level":"debug","message":"Photo service started","module":"photo","timestamp":"2026-06-01T14:02:58.069Z"}
{"level":"debug","message":"Twitter service started","module":"twitter","timestamp":"2026-06-01T14:02:58.070Z"}
{"level":"debug","message":"Match service started","module":"match","timestamp":"2026-06-01T14:02:58.070Z"}
{"level":"debug","message":"Beginning database schema validation","module":"boot","timestamp":"2026-06-01T14:02:58.094Z"}
{"level":"info","message":"Successfully started","timestamp":"2026-06-01T14:02:58.104Z"}
{"level":"info","message":"Executed query (SELECT COUNT(*) as count\n                       FROM information_schema.tables\n                       WHERE table_schema = ?\n                         AND table_name = ? [\"goldencity\",\"users\"]) in 36.8874ms'","module":"DBInterface","timestamp":"2026-06-01T14:02:58.131Z"}
{"level":"info","message":"Executed query (SELECT phone_number FROM users WHERE identifier = ? LIMIT 1 [\"8d580e801963852f52c994e1670bf72282712462\"]) in 39.1467ms'","module":"DBInterface","timestamp":"2026-06-01T14:02:58.145Z"}
{"level":"debug","message":"Find user for number generation data >","module":"player","timestamp":"2026-06-01T14:02:58.145Z"}
{"level":"debug","message":[{"phone_number":"558-2364"}],"module":"player","timestamp":"2026-06-01T14:02:58.145Z"}
{"level":"info","message":"New NPWD Player added through event (1) (8d580e801963852f52c994e1670bf72282712462)","module":"player","timestamp":"2026-06-01T14:02:58.147Z"}
{"level":"debug","message":{"_firstname":"Ziee","_identifier":"8d580e801963852f52c994e1670bf72282712462","_lastname":"Oliveroz","_phoneNumber":"558-2364","source":1,"username":"City Master"},"module":"player","timestamp":"2026-06-01T14:02:58.147Z"}
{"level":"info","message":"Executed query (SHOW COLUMNS IN users []) in 29.8454ms'","module":"DBInterface","timestamp":"2026-06-01T14:02:58.161Z"}
{"level":"debug","message":"Database schema successfully validated","module":"boot","timestamp":"2026-06-01T14:02:58.161Z"}
{"level":"silly","message":"netPromise > npwd:fetchTweets > RequestObj","module":"events","timestamp":"2026-06-01T14:02:58.394Z"}
{"level":"silly","message":{"data":{"pageId":0},"source":1},"module":"events","timestamp":"2026-06-01T14:02:58.394Z"}
{"level":"info","message":"Executed query (\n        SELECT *\n        FROM npwd_twitter_profiles\n        WHERE identifier = ?\n        LIMIT 1\n\t\t [\"8d580e801963852f52c994e1670bf72282712462\"]) in 15.5607ms'","module":"DBInterface","timestamp":"2026-06-01T14:02:58.410Z"}
{"level":"info","message":"Executed query (\n        SELECT \n  npwd_twitter_tweets.id,\n  npwd_twitter_tweets.identifier,\n  npwd_twitter_profiles.id AS profile_id,\n  npwd_twitter_profiles.profile_name,\n  npwd_twitter_profiles.avatar_url,\n  npwd_twitter_tweets.likes,\n  npwd_twitter_tweets.visible,\n  IFNULL(COALESCE(retweets.message, npwd_twitter_tweets.message), '') AS message,\n  IFNULL(COALESCE(retweets.images, npwd_twitter_tweets.images), '') AS images,\n  npwd_twitter_tweets.retweet IS NOT NULL AS isRetweet,\n  retweets.id AS retweetId,\n  retweets_profiles.profile_name AS retweetProfileName,\n  retweets_profiles.avatar_url AS retweetAvatarUrl,\n  npwd_twitter_likes.id IS NOT NULL AS isLiked,\n  npwd_twitter_reports.id IS NOT NULL AS isReported,\n  npwd_twitter_tweets.createdAt,\n  npwd_twitter_tweets.updatedAt,\n  TIME_TO_SEC(TIMEDIFF( NOW(), npwd_twitter_tweets.createdAt)) AS seconds_since_tweet\n\n        FROM npwd_twitter_tweets\n                 LEFT OUTER JOIN npwd_twitter_profiles\n                                 ON npwd_twitter_tweets.identifier = npwd_twitter_profiles.identifier\n                 LEFT OUTER JOIN npwd_twitter_likes ON npwd_twitter_tweets.id = npwd_twitter_likes.tweet_id AND\n                                                       npwd_twitter_likes.profile_id = ?\n                 LEFT OUTER JOIN npwd_twitter_reports ON npwd_twitter_tweets.id = npwd_twitter_reports.tweet_id AND\n                                                         npwd_twitter_reports.profile_id = ?\n                 LEFT OUTER JOIN npwd_twitter_tweets AS retweets ON retweets.id = npwd_twitter_tweets.retweet\n                 LEFT OUTER JOIN npwd_twitter_profiles AS retweets_profiles\n                                 ON retweets.identifier = retweets_profiles.identifier\n        WHERE npwd_twitter_tweets.visible = 1\n        ORDER BY id DESC\n        LIMIT ? OFFSET ?\n\t\t [1,1,\"25\",\"0\"]) in 30.8988ms'","module":"DBInterface","timestamp":"2026-06-01T14:02:58.441Z"}
{"level":"silly","message":"Response Promise Event npwd:fetchTweets:07c020a2-7386-4427-9dbf-56b6c5265e0b (47.863ms), Data >>","module":"events","timestamp":"2026-06-01T14:02:58.442Z"}
{"level":"silly","message":{"data":[{"avatar_url":"https://i.file.glass/QrEvq.png","createdAt":"2026-06-01T13:59:45.000Z","id":3,"identifier":"8d580e801963852f52c994e1670bf72282712462","images":"https://r2.fivemanage.com/image/j7JkzQp2VCwc.webp","isLiked":0,"isMine":true,"isReported":0,"isRetweet":false,"likes":0,"message":"qweqeq","profile_id":1,"profile_name":"Ziee_Oliveroz","retweetAvatarUrl":null,"retweetId":null,"retweetProfileName":null,"seconds_since_tweet":193,"updatedAt":"2026-06-01T13:59:45.000Z","visible":1},{"avatar_url":"https://i.file.glass/QrEvq.png","createdAt":"2026-06-01T13:59:31.000Z","id":2,"identifier":"8d580e801963852f52c994e1670bf72282712462","images":"","isLiked":0,"isMine":true,"isReported":0,"isRetweet":false,"likes":0,"message":"qweqeq","profile_id":1,"profile_name":"Ziee_Oliveroz","retweetAvatarUrl":null,"retweetId":null,"retweetProfileName":null,"seconds_since_tweet":207,"updatedAt":"2026-06-01T13:59:31.000Z","visible":1},{"avatar_url":"https://i.file.glass/QrEvq.png","createdAt":"2026-06-01T13:59:22.000Z","id":1,"identifier":"8d580e801963852f52c994e1670bf72282712462","images":"","isLiked":0,"isMine":true,"isReported":0,"isRetweet":false,"likes":0,"message":"qweqeq","profile_id":1,"profile_name":"Ziee_Oliveroz","retweetAvatarUrl":null,"retweetId":null,"retweetProfileName":null,"seconds_since_tweet":216,"updatedAt":"2026-06-01T13:59:22.000Z","visible":1}],"status":"ok"},"module":"events","timestamp":"2026-06-01T14:02:58.442Z"}
{"level":"silly","message":"netPromise > npwd:getOrCreateTwitterProfile > RequestObj","module":"events","timestamp":"2026-06-01T14:02:58.518Z"}
{"level":"silly","message":{"data":null,"source":1},"module":"events","timestamp":"2026-06-01T14:02:58.518Z"}
{"level":"silly","message":"netPromise > phone:getMyProfile > RequestObj","module":"events","timestamp":"2026-06-01T14:02:58.519Z"}
{"level":"silly","message":{"data":null,"source":1},"module":"events","timestamp":"2026-06-01T14:02:58.519Z"}
{"level":"silly","message":"netPromise > npwd:fetchMessageGroups > RequestObj","module":"events","timestamp":"2026-06-01T14:02:58.519Z"}
{"level":"silly","message":{"data":null,"source":1},"module":"events","timestamp":"2026-06-01T14:02:58.519Z"}
{"level":"silly","message":"netPromise > npwd-contact-getAll > RequestObj","module":"events","timestamp":"2026-06-01T14:02:58.520Z"}
{"level":"silly","message":{"data":null,"source":1},"module":"events","timestamp":"2026-06-01T14:02:58.521Z"}
{"level":"info","message":"Executed query (\n        SELECT *\n        FROM npwd_twitter_profiles\n        WHERE identifier = ?\n        LIMIT 1\n\t\t [\"8d580e801963852f52c994e1670bf72282712462\"]) in 14.9213ms'","module":"DBInterface","timestamp":"2026-06-01T14:02:58.534Z"}
{"level":"silly","message":"Response Promise Event npwd:getOrCreateTwitterProfile:2d26260f-54d7-4a66-92da-01cfcc166da7 (15.9662ms), Data >>","module":"events","timestamp":"2026-06-01T14:02:58.534Z"}
{"level":"info","message":"Executed query (\n        SELECT *,\n               UNIX_TIMESTAMP(updatedAt) AS lastActive\n        FROM npwd_match_profiles\n        WHERE identifier = ?\n        LIMIT 1\n\t\t [\"8d580e801963852f52c994e1670bf72282712462\"]) in 17.0514ms'","module":"DBInterface","timestamp":"2026-06-01T14:02:58.536Z"}
{"level":"silly","message":{"data":{"avatar_url":"https://i.file.glass/QrEvq.png","createdAt":"2026-06-01T13:56:38.000Z","id":1,"identifier":"8d580e801963852f52c994e1670bf72282712462","profile_name":"Ziee_Oliveroz","updatedAt":"2026-06-01T13:56:38.000Z"},"status":"ok"},"module":"events","timestamp":"2026-06-01T14:02:58.535Z"}
{"level":"silly","message":"Response Promise Event phone:getMyProfile:736e6a80-df3c-422b-985b-66e53798b81c (17.8128ms), Data >>","module":"events","timestamp":"2026-06-01T14:02:58.537Z"}
{"level":"silly","message":{"data":{"bio":"","createdAt":"2026-06-01T13:56:38.000Z","id":1,"identifier":"8d580e801963852f52c994e1670bf72282712462","image":"https://upload.wikimedia.org/wikipedia/commons/a/ac/No_image_available.svg","job":"","lastActive":1780322198,"lastActiveFormatted":"Mon, 01 Jun 2026 13:56:38 GMT","location":"","name":"Ziee Oliveroz","tagList":[],"tags":"","updatedAt":"2026-06-01T13:56:38.000Z","viewed":false,"voiceMessage":null},"status":"ok"},"module":"events","timestamp":"2026-06-01T14:02:58.537Z"}
{"level":"info","message":"Executed query (SELECT npwd_messages_conversations.id,\n                          npwd_messages_conversations.conversation_list         as conversationList,\n                          npwd_messages_participants.unread_count               as unreadCount,\n                          npwd_messages_conversations.is_group_chat             as isGroupChat,\n                          npwd_messages_conversations.label,\n                          UNIX_TIMESTAMP(npwd_messages_conversations.updatedAt) as updatedAt,\n                          npwd_messages_participants.participant\n                   FROM npwd_messages_conversations\n                            INNER JOIN npwd_messages_participants\n                                       on npwd_messages_conversations.id = npwd_messages_participants.conversation_id\n                   WHERE npwd_messages_participants.participant = ? [\"558-2364\"]) in 60.8311ms'","module":"DBInterface","timestamp":"2026-06-01T14:02:58.580Z"}
{"level":"silly","message":"Response Promise Event npwd:fetchMessageGroups:394c416a-9039-4768-8637-0448d8a3bbd8 (61.5568ms), Data >>","module":"events","timestamp":"2026-06-01T14:02:58.581Z"}
{"level":"info","message":"Executed query (SELECT * FROM npwd_phone_contacts WHERE identifier = ? ORDER BY display ASC [\"8d580e801963852f52c994e1670bf72282712462\"]) in 60.4963ms'","module":"DBInterface","timestamp":"2026-06-01T14:02:58.581Z"}
{"level":"silly","message":{"data":[],"status":"ok"},"module":"events","timestamp":"2026-06-01T14:02:58.581Z"}
{"level":"silly","message":"Response Promise Event npwd-contact-getAll:dd047c7c-f701-41d3-9ad0-4da40d1abe7b (61.4172ms), Data >>","module":"events","timestamp":"2026-06-01T14:02:58.582Z"}
{"level":"silly","message":{"data":[],"status":"ok"},"module":"events","timestamp":"2026-06-01T14:02:58.582Z"}
{"level":"debug","message":"Marketplace service started","module":"marketplace","timestamp":"2026-06-01T14:04:02.831Z"}
{"level":"debug","message":"Call service started","module":"calls","timestamp":"2026-06-01T14:04:02.834Z"}
{"level":"debug","message":"Player Service started","module":"player","timestamp":"2026-06-01T14:04:02.834Z"}
{"level":"debug","message":"Boot service started","module":"boot","timestamp":"2026-06-01T14:04:02.835Z"}
{"level":"debug","message":"Messages service started","module":"messages","timestamp":"2026-06-01T14:04:02.835Z"}
{"level":"debug","message":"Notes service started","module":"notes","timestamp":"2026-06-01T14:04:02.836Z"}
{"level":"debug","message":"Contacts service started","module":"contact","timestamp":"2026-06-01T14:04:02.836Z"}
{"level":"debug","message":"Photo service started","module":"photo","timestamp":"2026-06-01T14:04:02.844Z"}
{"level":"debug","message":"Twitter service started","module":"twitter","timestamp":"2026-06-01T14:04:02.844Z"}
{"level":"debug","message":"Match service started","module":"match","timestamp":"2026-06-01T14:04:02.845Z"}
{"level":"debug","message":"Beginning database schema validation","module":"boot","timestamp":"2026-06-01T14:04:02.904Z"}
{"level":"info","message":"Successfully started","timestamp":"2026-06-01T14:04:02.916Z"}
{"level":"info","message":"Executed query (SHOW TABLES WHERE `Tables_in_goldencity`LIKE ? [\"users\"]) in 30.0901ms'","module":"DBInterface","timestamp":"2026-06-01T14:04:02.935Z"}
{"level":"debug","message":"Find user for number generation data >","module":"player","timestamp":"2026-06-01T14:04:02.937Z"}
{"level":"info","message":"Executed query (SELECT phone_number FROM users WHERE identifier = ? LIMIT 1 [\"8d580e801963852f52c994e1670bf72282712462\"]) in 17.1833ms'","module":"DBInterface","timestamp":"2026-06-01T14:04:02.936Z"}
{"level":"debug","message":[{"phone_number":"558-2364"}],"module":"player","timestamp":"2026-06-01T14:04:02.937Z"}
{"level":"info","message":"New NPWD Player added through event (1) (8d580e801963852f52c994e1670bf72282712462)","module":"player","timestamp":"2026-06-01T14:04:02.938Z"}
{"level":"debug","message":{"_firstname":"Ziee","_identifier":"8d580e801963852f52c994e1670bf72282712462","_lastname":"Oliveroz","_phoneNumber":"558-2364","source":1,"username":"City Master"},"module":"player","timestamp":"2026-06-01T14:04:02.939Z"}
{"level":"info","message":"Executed query (SHOW COLUMNS IN users []) in 7.1207ms'","module":"DBInterface","timestamp":"2026-06-01T14:04:02.942Z"}
{"level":"debug","message":"Database schema successfully validated","module":"boot","timestamp":"2026-06-01T14:04:02.943Z"}
{"level":"debug","message":"Checking for missing framework dependencies","module":"boot","timestamp":"2026-06-01T14:04:02.943Z"}
{"level":"error","message":"Missing es_extended dependencies detected: esx-npwd","module":"boot","timestamp":"2026-06-01T14:04:02.944Z"}
{"level":"silly","message":"netPromise > npwd:fetchTweets > RequestObj","module":"events","timestamp":"2026-06-01T14:04:03.398Z"}
{"level":"silly","message":{"data":{"pageId":0},"source":1},"module":"events","timestamp":"2026-06-01T14:04:03.399Z"}
{"level":"info","message":"Executed query (\n        SELECT *\n        FROM npwd_twitter_profiles\n        WHERE identifier = ?\n        LIMIT 1\n\t\t [\"8d580e801963852f52c994e1670bf72282712462\"]) in 3.3705ms'","module":"DBInterface","timestamp":"2026-06-01T14:04:03.403Z"}
{"level":"info","message":"Executed query (\n        SELECT \n  npwd_twitter_tweets.id,\n  npwd_twitter_tweets.identifier,\n  npwd_twitter_profiles.id AS profile_id,\n  npwd_twitter_profiles.profile_name,\n  npwd_twitter_profiles.avatar_url,\n  npwd_twitter_tweets.likes,\n  npwd_twitter_tweets.visible,\n  IFNULL(COALESCE(retweets.message, npwd_twitter_tweets.message), '') AS message,\n  IFNULL(COALESCE(retweets.images, npwd_twitter_tweets.images), '') AS images,\n  npwd_twitter_tweets.retweet IS NOT NULL AS isRetweet,\n  retweets.id AS retweetId,\n  retweets_profiles.profile_name AS retweetProfileName,\n  retweets_profiles.avatar_url AS retweetAvatarUrl,\n  npwd_twitter_likes.id IS NOT NULL AS isLiked,\n  npwd_twitter_reports.id IS NOT NULL AS isReported,\n  npwd_twitter_tweets.createdAt,\n  npwd_twitter_tweets.updatedAt,\n  TIME_TO_SEC(TIMEDIFF( NOW(), npwd_twitter_tweets.createdAt)) AS seconds_since_tweet\n\n        FROM npwd_twitter_tweets\n                 LEFT OUTER JOIN npwd_twitter_profiles\n                                 ON npwd_twitter_tweets.identifier = npwd_twitter_profiles.identifier\n                 LEFT OUTER JOIN npwd_twitter_likes ON npwd_twitter_tweets.id = npwd_twitter_likes.tweet_id AND\n                                                       npwd_twitter_likes.profile_id = ?\n                 LEFT OUTER JOIN npwd_twitter_reports ON npwd_twitter_tweets.id = npwd_twitter_reports.tweet_id AND\n                                                         npwd_twitter_reports.profile_id = ?\n                 LEFT OUTER JOIN npwd_twitter_tweets AS retweets ON retweets.id = npwd_twitter_tweets.retweet\n                 LEFT OUTER JOIN npwd_twitter_profiles AS retweets_profiles\n                                 ON retweets.identifier = retweets_profiles.identifier\n        WHERE npwd_twitter_tweets.visible = 1\n        ORDER BY id DESC\n        LIMIT ? OFFSET ?\n\t\t [1,1,\"25\",\"0\"]) in 4.5137ms'","module":"DBInterface","timestamp":"2026-06-01T14:04:03.408Z"}
{"level":"silly","message":"Response Promise Event npwd:fetchTweets:7bff0fc4-ffa8-41ed-9f10-d044c71b4006 (9.8466ms), Data >>","module":"events","timestamp":"2026-06-01T14:04:03.408Z"}
{"level":"silly","message":{"data":[{"avatar_url":"https://i.file.glass/QrEvq.png","createdAt":"2026-06-01T13:59:45.000Z","id":3,"identifier":"8d580e801963852f52c994e1670bf72282712462","images":"https://r2.fivemanage.com/image/j7JkzQp2VCwc.webp","isLiked":0,"isMine":true,"isReported":0,"isRetweet":false,"likes":0,"message":"qweqeq","profile_id":1,"profile_name":"Ziee_Oliveroz","retweetAvatarUrl":null,"retweetId":null,"retweetProfileName":null,"seconds_since_tweet":258,"updatedAt":"2026-06-01T13:59:45.000Z","visible":1},{"avatar_url":"https://i.file.glass/QrEvq.png","createdAt":"2026-06-01T13:59:31.000Z","id":2,"identifier":"8d580e801963852f52c994e1670bf72282712462","images":"","isLiked":0,"isMine":true,"isReported":0,"isRetweet":false,"likes":0,"message":"qweqeq","profile_id":1,"profile_name":"Ziee_Oliveroz","retweetAvatarUrl":null,"retweetId":null,"retweetProfileName":null,"seconds_since_tweet":272,"updatedAt":"2026-06-01T13:59:31.000Z","visible":1},{"avatar_url":"https://i.file.glass/QrEvq.png","createdAt":"2026-06-01T13:59:22.000Z","id":1,"identifier":"8d580e801963852f52c994e1670bf72282712462","images":"","isLiked":0,"isMine":true,"isReported":0,"isRetweet":false,"likes":0,"message":"qweqeq","profile_id":1,"profile_name":"Ziee_Oliveroz","retweetAvatarUrl":null,"retweetId":null,"retweetProfileName":null,"seconds_since_tweet":281,"updatedAt":"2026-06-01T13:59:22.000Z","visible":1}],"status":"ok"},"module":"events","timestamp":"2026-06-01T14:04:03.409Z"}
{"level":"silly","message":"netPromise > npwd:getOrCreateTwitterProfile > RequestObj","module":"events","timestamp":"2026-06-01T14:04:03.497Z"}
{"level":"silly","message":{"data":null,"source":1},"module":"events","timestamp":"2026-06-01T14:04:03.498Z"}
{"level":"silly","message":"netPromise > phone:getMyProfile > RequestObj","module":"events","timestamp":"2026-06-01T14:04:03.498Z"}
{"level":"silly","message":{"data":null,"source":1},"module":"events","timestamp":"2026-06-01T14:04:03.498Z"}
{"level":"silly","message":"netPromise > npwd:fetchMessageGroups > RequestObj","module":"events","timestamp":"2026-06-01T14:04:03.498Z"}
{"level":"silly","message":{"data":null,"source":1},"module":"events","timestamp":"2026-06-01T14:04:03.498Z"}
{"level":"silly","message":"netPromise > npwd-contact-getAll > RequestObj","module":"events","timestamp":"2026-06-01T14:04:03.499Z"}
{"level":"silly","message":{"data":null,"source":1},"module":"events","timestamp":"2026-06-01T14:04:03.499Z"}
{"level":"info","message":"Executed query (\n        SELECT *\n        FROM npwd_twitter_profiles\n        WHERE identifier = ?\n        LIMIT 1\n\t\t [\"8d580e801963852f52c994e1670bf72282712462\"]) in 6.1685ms'","module":"DBInterface","timestamp":"2026-06-01T14:04:03.504Z"}
{"level":"silly","message":"Response Promise Event npwd:getOrCreateTwitterProfile:63fe04a0-e34c-41a5-855c-6a1215c9620a (7.1131ms), Data >>","module":"events","timestamp":"2026-06-01T14:04:03.505Z"}
{"level":"silly","message":{"data":{"avatar_url":"https://i.file.glass/QrEvq.png","createdAt":"2026-06-01T13:56:38.000Z","id":1,"identifier":"8d580e801963852f52c994e1670bf72282712462","profile_name":"Ziee_Oliveroz","updatedAt":"2026-06-01T13:56:38.000Z"},"status":"ok"},"module":"events","timestamp":"2026-06-01T14:04:03.505Z"}
{"level":"info","message":"Executed query (\n        SELECT *,\n               UNIX_TIMESTAMP(updatedAt) AS lastActive\n        FROM npwd_match_profiles\n        WHERE identifier = ?\n        LIMIT 1\n\t\t [\"8d580e801963852f52c994e1670bf72282712462\"]) in 8.7421ms'","module":"DBInterface","timestamp":"2026-06-01T14:04:03.507Z"}
{"level":"silly","message":"Response Promise Event phone:getMyProfile:d6d26d72-1649-455e-8108-98941efe503e (9.5379ms), Data >>","module":"events","timestamp":"2026-06-01T14:04:03.508Z"}
{"level":"silly","message":{"data":{"bio":"","createdAt":"2026-06-01T13:56:38.000Z","id":1,"identifier":"8d580e801963852f52c994e1670bf72282712462","image":"https://upload.wikimedia.org/wikipedia/commons/a/ac/No_image_available.svg","job":"","lastActive":1780322198,"lastActiveFormatted":"Mon, 01 Jun 2026 13:56:38 GMT","location":"","name":"Ziee Oliveroz","tagList":[],"tags":"","updatedAt":"2026-06-01T13:56:38.000Z","viewed":false,"voiceMessage":null},"status":"ok"},"module":"events","timestamp":"2026-06-01T14:04:03.508Z"}
{"level":"info","message":"Executed query (SELECT npwd_messages_conversations.id,\n                          npwd_messages_conversations.conversation_list         as conversationList,\n                          npwd_messages_participants.unread_count               as unreadCount,\n                          npwd_messages_conversations.is_group_chat             as isGroupChat,\n                          npwd_messages_conversations.label,\n                          UNIX_TIMESTAMP(npwd_messages_conversations.updatedAt) as updatedAt,\n                          npwd_messages_participants.participant\n                   FROM npwd_messages_conversations\n                            INNER JOIN npwd_messages_participants\n                                       on npwd_messages_conversations.id = npwd_messages_participants.conversation_id\n                   WHERE npwd_messages_participants.participant = ? [\"558-2364\"]) in 12.5659ms'","module":"DBInterface","timestamp":"2026-06-01T14:04:03.511Z"}
{"level":"silly","message":"Response Promise Event npwd:fetchMessageGroups:e36168bf-5ba3-41dc-9670-7dda23dd48b3 (13.1604ms), Data >>","module":"events","timestamp":"2026-06-01T14:04:03.512Z"}
{"level":"info","message":"Executed query (SELECT * FROM npwd_phone_contacts WHERE identifier = ? ORDER BY display ASC [\"8d580e801963852f52c994e1670bf72282712462\"]) in 13.2039ms'","module":"DBInterface","timestamp":"2026-06-01T14:04:03.513Z"}
{"level":"silly","message":{"data":[],"status":"ok"},"module":"events","timestamp":"2026-06-01T14:04:03.512Z"}
{"level":"silly","message":"Response Promise Event npwd-contact-getAll:c33b9538-d436-48f1-9b33-bd9c960b4bbd (13.9182ms), Data >>","module":"events","timestamp":"2026-06-01T14:04:03.513Z"}
{"level":"silly","message":{"data":[],"status":"ok"},"module":"events","timestamp":"2026-06-01T14:04:03.514Z"}
